<?xml version="1.0" encoding="UTF-8"?>
<coverage generated="1631122111367" clover="3.2.0">
  <project timestamp="1631122111367" name="All files">
    <metrics statements="27" coveredstatements="8" conditionals="10" coveredconditionals="3" methods="17" coveredmethods="4" elements="54" coveredelements="15" complexity="0" loc="27" ncloc="27" packages="2" files="3" classes="3"/>
    <package name="src">
      <metrics statements="1" coveredstatements="1" conditionals="0" coveredconditionals="0" methods="1" coveredmethods="1"/>
      <file name="sum.js" path="/home/tanzila/Desktop/MICROVERSE/MY PROJECT/05.JavaScript/week-26 & 27/tanzila/Todo-app/src/sum.js">
        <metrics statements="1" coveredstatements="1" conditionals="0" coveredconditionals="0" methods="1" coveredmethods="1"/>
        <line num="2" count="1" type="stmt"/>
      </file>
    </package>
    <package name="src.modules">
      <metrics statements="26" coveredstatements="7" conditionals="10" coveredconditionals="3" methods="16" coveredmethods="3"/>
      <file name="constructor.js" path="/home/tanzila/Desktop/MICROVERSE/MY PROJECT/05.JavaScript/week-26 & 27/tanzila/Todo-app/src/modules/constructor.js">
        <metrics statements="20" coveredstatements="4" conditionals="8" coveredconditionals="2" methods="14" coveredmethods="2"/>
        <line num="5" count="1" type="cond" truecount="2" falsecount="2"/>
        <line num="8" count="3" type="stmt"/>
        <line num="9" count="3" type="stmt"/>
        <line num="13" count="0" type="stmt"/>
        <line num="17" count="1" type="stmt"/>
        <line num="21" count="0" type="stmt"/>
        <line num="25" count="0" type="stmt"/>
        <line num="26" count="0" type="stmt"/>
        <line num="31" count="0" type="stmt"/>
        <line num="32" count="0" type="stmt"/>
        <line num="36" count="0" type="cond" truecount="0" falsecount="2"/>
        <line num="37" count="0" type="stmt"/>
        <line num="38" count="0" type="stmt"/>
        <line num="43" count="0" type="stmt"/>
        <line num="44" count="0" type="stmt"/>
        <line num="46" count="0" type="stmt"/>
        <line num="47" count="0" type="stmt"/>
        <line num="48" count="0" type="cond" truecount="0" falsecount="2"/>
        <line num="49" count="0" type="stmt"/>
        <line num="50" count="0" type="stmt"/>
      </file>
      <file name="localStorage.js" path="/home/tanzila/Desktop/MICROVERSE/MY PROJECT/05.JavaScript/week-26 & 27/tanzila/Todo-app/src/modules/localStorage.js">
        <metrics statements="6" coveredstatements="3" conditionals="2" coveredconditionals="1" methods="2" coveredmethods="1"/>
        <line num="5" count="0" type="stmt"/>
        <line num="7" count="0" type="stmt"/>
        <line num="12" count="1" type="stmt"/>
        <line num="13" count="1" type="cond" truecount="1" falsecount="1"/>
        <line num="14" count="0" type="stmt"/>
        <line num="16" count="1" type="stmt"/>
      </file>
    </package>
  </project>
</coverage>
