{"/home/tanzila/Desktop/MICROVERSE/MY PROJECT/05.JavaScript/week-26 & 27/tanzila/Todo-app/src/sum.js": {"path":"/home/tanzila/Desktop/MICROVERSE/MY PROJECT/05.JavaScript/week-26 & 27/tanzila/Todo-app/src/sum.js","statementMap":{"0":{"start":{"line":2,"column":2},"end":{"line":2,"column":15}}},"fnMap":{"0":{"name":"sum","decl":{"start":{"line":1,"column":9},"end":{"line":1,"column":12}},"loc":{"start":{"line":1,"column":19},"end":{"line":3,"column":1}},"line":1}},"branchMap":{},"s":{"0":1},"f":{"0":1},"b":{},"_coverageSchema":"1a1c01bbd47fc00a2c39e90264f33305004495a9","hash":"1a738f0aee31b1b7388b54d68927ccc7513da63e"}
,"/home/tanzila/Desktop/MICROVERSE/MY PROJECT/05.JavaScript/week-26 & 27/tanzila/Todo-app/src/modules/constructor.js": {"path":"/home/tanzila/Desktop/MICROVERSE/MY PROJECT/05.JavaScript/week-26 & 27/tanzila/Todo-app/src/modules/constructor.js","statementMap":{"0":{"start":{"line":5,"column":28},"end":{"line":5,"column":83}},"1":{"start":{"line":8,"column":4},"end":{"line":8,"column":23}},"2":{"start":{"line":9,"column":4},"end":{"line":9,"column":24}},"3":{"start":{"line":13,"column":4},"end":{"line":13,"column":26}},"4":{"start":{"line":17,"column":4},"end":{"line":17,"column":72}},"5":{"start":{"line":17,"column":47},"end":{"line":17,"column":70}},"6":{"start":{"line":21,"column":4},"end":{"line":21,"column":67}},"7":{"start":{"line":21,"column":42},"end":{"line":21,"column":65}},"8":{"start":{"line":25,"column":4},"end":{"line":27,"column":6}},"9":{"start":{"line":26,"column":13},"end":{"line":26,"column":42}},"10":{"start":{"line":31,"column":4},"end":{"line":31,"column":84}},"11":{"start":{"line":31,"column":53},"end":{"line":31,"column":82}},"12":{"start":{"line":32,"column":4},"end":{"line":32,"column":26}},"13":{"start":{"line":36,"column":4},"end":{"line":39,"column":5}},"14":{"start":{"line":36,"column":40},"end":{"line":36,"column":74}},"15":{"start":{"line":37,"column":6},"end":{"line":37,"column":36}},"16":{"start":{"line":38,"column":6},"end":{"line":38,"column":31}},"17":{"start":{"line":43,"column":26},"end":{"line":45,"column":5}},"18":{"start":{"line":44,"column":19},"end":{"line":44,"column":48}},"19":{"start":{"line":46,"column":21},"end":{"line":46,"column":33}},"20":{"start":{"line":48,"column":4},"end":{"line":51,"column":5}},"21":{"start":{"line":49,"column":4},"end":{"line":49,"column":38}},"22":{"start":{"line":50,"column":4},"end":{"line":50,"column":25}}},"fnMap":{"0":{"name":"(anonymous_0)","decl":{"start":{"line":7,"column":2},"end":{"line":7,"column":3}},"loc":{"start":{"line":7,"column":21},"end":{"line":10,"column":3}},"line":7},"1":{"name":"(anonymous_1)","decl":{"start":{"line":12,"column":2},"end":{"line":12,"column":3}},"loc":{"start":{"line":12,"column":21},"end":{"line":14,"column":3}},"line":12},"2":{"name":"(anonymous_2)","decl":{"start":{"line":16,"column":2},"end":{"line":16,"column":3}},"loc":{"start":{"line":16,"column":33},"end":{"line":18,"column":3}},"line":16},"3":{"name":"(anonymous_3)","decl":{"start":{"line":17,"column":34},"end":{"line":17,"column":35}},"loc":{"start":{"line":17,"column":47},"end":{"line":17,"column":70}},"line":17},"4":{"name":"(anonymous_4)","decl":{"start":{"line":20,"column":2},"end":{"line":20,"column":3}},"loc":{"start":{"line":20,"column":28},"end":{"line":22,"column":3}},"line":20},"5":{"name":"(anonymous_5)","decl":{"start":{"line":21,"column":29},"end":{"line":21,"column":30}},"loc":{"start":{"line":21,"column":42},"end":{"line":21,"column":65}},"line":21},"6":{"name":"(anonymous_6)","decl":{"start":{"line":24,"column":2},"end":{"line":24,"column":3}},"loc":{"start":{"line":24,"column":32},"end":{"line":28,"column":3}},"line":24},"7":{"name":"(anonymous_7)","decl":{"start":{"line":26,"column":0},"end":{"line":26,"column":1}},"loc":{"start":{"line":26,"column":13},"end":{"line":26,"column":42}},"line":26},"8":{"name":"(anonymous_8)","decl":{"start":{"line":30,"column":2},"end":{"line":30,"column":3}},"loc":{"start":{"line":30,"column":41},"end":{"line":33,"column":3}},"line":30},"9":{"name":"(anonymous_9)","decl":{"start":{"line":31,"column":43},"end":{"line":31,"column":44}},"loc":{"start":{"line":31,"column":53},"end":{"line":31,"column":82}},"line":31},"10":{"name":"(anonymous_10)","decl":{"start":{"line":35,"column":2},"end":{"line":35,"column":3}},"loc":{"start":{"line":35,"column":32},"end":{"line":40,"column":3}},"line":35},"11":{"name":"(anonymous_11)","decl":{"start":{"line":36,"column":27},"end":{"line":36,"column":28}},"loc":{"start":{"line":36,"column":40},"end":{"line":36,"column":74}},"line":36},"12":{"name":"(anonymous_12)","decl":{"start":{"line":42,"column":2},"end":{"line":42,"column":3}},"loc":{"start":{"line":42,"column":36},"end":{"line":52,"column":3}},"line":42},"13":{"name":"(anonymous_13)","decl":{"start":{"line":44,"column":6},"end":{"line":44,"column":7}},"loc":{"start":{"line":44,"column":19},"end":{"line":44,"column":48}},"line":44}},"branchMap":{"0":{"loc":{"start":{"line":5,"column":28},"end":{"line":5,"column":83}},"type":"cond-expr","locations":[{"start":{"line":5,"column":66},"end":{"line":5,"column":78}},{"start":{"line":5,"column":81},"end":{"line":5,"column":83}}],"line":5},"1":{"loc":{"start":{"line":5,"column":28},"end":{"line":5,"column":63}},"type":"binary-expr","locations":[{"start":{"line":5,"column":28},"end":{"line":5,"column":40}},{"start":{"line":5,"column":44},"end":{"line":5,"column":63}}],"line":5},"2":{"loc":{"start":{"line":36,"column":4},"end":{"line":39,"column":5}},"type":"if","locations":[{"start":{"line":36,"column":4},"end":{"line":39,"column":5}},{"start":{"line":36,"column":4},"end":{"line":39,"column":5}}],"line":36},"3":{"loc":{"start":{"line":48,"column":4},"end":{"line":51,"column":5}},"type":"if","locations":[{"start":{"line":48,"column":4},"end":{"line":51,"column":5}},{"start":{"line":48,"column":4},"end":{"line":51,"column":5}}],"line":48}},"s":{"0":1,"1":4,"2":4,"3":0,"4":1,"5":0,"6":0,"7":0,"8":0,"9":0,"10":0,"11":0,"12":0,"13":0,"14":0,"15":0,"16":0,"17":0,"18":0,"19":0,"20":0,"21":0,"22":0},"f":{"0":4,"1":0,"2":1,"3":0,"4":0,"5":0,"6":0,"7":0,"8":0,"9":0,"10":0,"11":0,"12":0,"13":0},"b":{"0":[0,1],"1":[1,0],"2":[0,0],"3":[0,0]},"_coverageSchema":"1a1c01bbd47fc00a2c39e90264f33305004495a9","hash":"3ad7db27d88ec97eecf65964473bc2066a956333"}
,"/home/tanzila/Desktop/MICROVERSE/MY PROJECT/05.JavaScript/week-26 & 27/tanzila/Todo-app/src/modules/localStorage.js": {"path":"/home/tanzila/Desktop/MICROVERSE/MY PROJECT/05.JavaScript/week-26 & 27/tanzila/Todo-app/src/modules/localStorage.js","statementMap":{"0":{"start":{"line":5,"column":22},"end":{"line":5,"column":43}},"1":{"start":{"line":7,"column":2},"end":{"line":7,"column":48}},"2":{"start":{"line":12,"column":22},"end":{"line":12,"column":54}},"3":{"start":{"line":13,"column":2},"end":{"line":15,"column":3}},"4":{"start":{"line":14,"column":4},"end":{"line":14,"column":35}},"5":{"start":{"line":16,"column":2},"end":{"line":16,"column":15}}},"fnMap":{"0":{"name":"setProject","decl":{"start":{"line":4,"column":16},"end":{"line":4,"column":26}},"loc":{"start":{"line":4,"column":34},"end":{"line":8,"column":1}},"line":4},"1":{"name":"getProject","decl":{"start":{"line":11,"column":16},"end":{"line":11,"column":26}},"loc":{"start":{"line":11,"column":29},"end":{"line":17,"column":1}},"line":11}},"branchMap":{"0":{"loc":{"start":{"line":13,"column":2},"end":{"line":15,"column":3}},"type":"if","locations":[{"start":{"line":13,"column":2},"end":{"line":15,"column":3}},{"start":{"line":13,"column":2},"end":{"line":15,"column":3}}],"line":13}},"s":{"0":0,"1":0,"2":1,"3":1,"4":0,"5":1},"f":{"0":0,"1":1},"b":{"0":[0,1]},"_coverageSchema":"1a1c01bbd47fc00a2c39e90264f33305004495a9","hash":"85aa661d45c6a5f5f86959cfae91998da8a8eead"}
}
